<?xml version="1.0" ?>
<!DOCTYPE coverage SYSTEM "http://cobertura.sourceforge.net/xml/coverage-04.dtd">
<coverage lines-valid="93"  lines-covered="81"  line-rate="0.871"  branches-valid="37"  branches-covered="27"  branch-rate="0.7297"  timestamp="1538649929466" complexity="0" version="0.1">
<sources>
	<source>c:\Github_CoralTime\VstsExtention\VstsExtention</source>
</sources>
<packages>
	<package name="src"  line-rate="0.871"  branch-rate="0.7297" >
	<classes>
		<class name="CountdownResult.js"  filename="src\CountdownResult.js"  line-rate="0.625"  branch-rate="0.16670000000000001" >
		<methods>
			<method name="(anonymous_1)"  hits="1"  signature="()V" >
				<lines><line number="17"  hits="1" /></lines>
			</method>
			<method name="CountdownResult"  hits="13"  signature="()V" >
				<lines><line number="18"  hits="13" /></lines>
			</method>
			<method name="(anonymous_3)"  hits="0"  signature="()V" >
				<lines><line number="23"  hits="0" /></lines>
			</method>
			<method name="(anonymous_4)"  hits="0"  signature="()V" >
				<lines><line number="29"  hits="0" /></lines>
			</method>
			<method name="(anonymous_5)"  hits="0"  signature="()V" >
				<lines><line number="35"  hits="0" /></lines>
			</method>
			<method name="(anonymous_6)"  hits="0"  signature="()V" >
				<lines><line number="38"  hits="0" /></lines>
			</method>
			<method name="(anonymous_7)"  hits="1"  signature="()V" >
				<lines><line number="51"  hits="1" /></lines>
			</method>
		</methods>
		<lines>
			<line number="16"  hits="1"  branch="false" />
			<line number="17"  hits="1"  branch="false" />
			<line number="18"  hits="1"  branch="false" />
			<line number="19"  hits="13"  branch="false" />
			<line number="20"  hits="13"  branch="false" />
			<line number="21"  hits="13"  branch="false" />
			<line number="23"  hits="1"  branch="false" />
			<line number="24"  hits="0"  branch="true"  condition-coverage="0% (0/2)" />
			<line number="25"  hits="0"  branch="false" />
			<line number="27"  hits="0"  branch="false" />
			<line number="29"  hits="1"  branch="false" />
			<line number="30"  hits="0"  branch="true"  condition-coverage="0% (0/4)" />
			<line number="31"  hits="0"  branch="false" />
			<line number="33"  hits="0"  branch="false" />
			<line number="35"  hits="1"  branch="false" />
			<line number="36"  hits="0"  branch="false" />
			<line number="38"  hits="1"  branch="false" />
			<line number="39"  hits="0"  branch="true"  condition-coverage="0% (0/2)" />
			<line number="40"  hits="0"  branch="false" />
			<line number="42"  hits="0"  branch="true"  condition-coverage="0% (0/2)" />
			<line number="43"  hits="0"  branch="false" />
			<line number="45"  hits="0"  branch="false" />
			<line number="47"  hits="1"  branch="false" />
			<line number="49"  hits="1"  branch="false" />
			<line number="50"  hits="1"  branch="false" />
			<line number="51"  hits="1"  branch="false" />
			<line number="52"  hits="1"  branch="false" />
			<line number="53"  hits="1"  branch="false" />
			<line number="54"  hits="1"  branch="false" />
			<line number="55"  hits="1"  branch="false" />
			<line number="56"  hits="1"  branch="false" />
			<line number="57"  hits="1"  branch="false" />
		</lines>
		</class>
		<class name="countdownCalculator.js"  filename="src\countdownCalculator.js"  line-rate="1"  branch-rate="1" >
		<methods>
			<method name="(anonymous_1)"  hits="1"  signature="()V" >
				<lines><line number="18"  hits="1" /></lines>
			</method>
			<method name="CountdownCalculator"  hits="15"  signature="()V" >
				<lines><line number="19"  hits="15" /></lines>
			</method>
			<method name="(anonymous_3)"  hits="13"  signature="()V" >
				<lines><line number="26"  hits="13" /></lines>
			</method>
			<method name="(anonymous_4)"  hits="31"  signature="()V" >
				<lines><line number="31"  hits="31" /></lines>
			</method>
			<method name="(anonymous_5)"  hits="15"  signature="()V" >
				<lines><line number="62"  hits="15" /></lines>
			</method>
			<method name="(anonymous_6)"  hits="187"  signature="()V" >
				<lines><line number="65"  hits="187" /></lines>
			</method>
			<method name="(anonymous_7)"  hits="48"  signature="()V" >
				<lines><line number="81"  hits="48" /></lines>
			</method>
			<method name="(anonymous_8)"  hits="5"  signature="()V" >
				<lines><line number="91"  hits="5" /></lines>
			</method>
		</methods>
		<lines>
			<line number="16"  hits="1"  branch="false" />
			<line number="17"  hits="1"  branch="false" />
			<line number="18"  hits="1"  branch="false" />
			<line number="19"  hits="1"  branch="false" />
			<line number="20"  hits="15"  branch="true"  condition-coverage="100% (2/2)" />
			<line number="21"  hits="15"  branch="false" />
			<line number="22"  hits="15"  branch="false" />
			<line number="23"  hits="15"  branch="false" />
			<line number="24"  hits="15"  branch="false" />
			<line number="26"  hits="1"  branch="false" />
			<line number="27"  hits="13"  branch="false" />
			<line number="28"  hits="13"  branch="true"  condition-coverage="100% (2/2)" />
			<line number="29"  hits="1"  branch="false" />
			<line number="31"  hits="12"  branch="false" />
			<line number="32"  hits="31"  branch="false" />
			<line number="34"  hits="12"  branch="false" />
			<line number="35"  hits="12"  branch="true"  condition-coverage="100% (2/2)" />
			<line number="36"  hits="5"  branch="false" />
			<line number="38"  hits="12"  branch="false" />
			<line number="39"  hits="12"  branch="false" />
			<line number="40"  hits="12"  branch="false" />
			<line number="41"  hits="12"  branch="true"  condition-coverage="100% (2/2)" />
			<line number="43"  hits="8"  branch="false" />
			<line number="46"  hits="4"  branch="false" />
			<line number="47"  hits="4"  branch="true"  condition-coverage="100% (2/2)" />
			<line number="48"  hits="2"  branch="false" />
			<line number="51"  hits="2"  branch="false" />
			<line number="52"  hits="2"  branch="true"  condition-coverage="100% (2/2)" />
			<line number="53"  hits="1"  branch="false" />
			<line number="56"  hits="1"  branch="false" />
			<line number="57"  hits="1"  branch="false" />
			<line number="62"  hits="1"  branch="false" />
			<line number="63"  hits="15"  branch="false" />
			<line number="65"  hits="1"  branch="false" />
			<line number="66"  hits="187"  branch="true"  condition-coverage="100% (2/2)" />
			<line number="67"  hits="159"  branch="true"  condition-coverage="100% (7/7)" />
			<line number="68"  hits="7"  branch="false" />
			<line number="69"  hits="36"  branch="false" />
			<line number="70"  hits="31"  branch="false" />
			<line number="71"  hits="30"  branch="false" />
			<line number="72"  hits="26"  branch="false" />
			<line number="73"  hits="22"  branch="false" />
			<line number="74"  hits="7"  branch="false" />
			<line number="78"  hits="28"  branch="false" />
			<line number="81"  hits="1"  branch="false" />
			<line number="82"  hits="48"  branch="false" />
			<line number="83"  hits="187"  branch="false" />
			<line number="84"  hits="187"  branch="false" />
			<line number="85"  hits="187"  branch="true"  condition-coverage="100% (2/2)" />
			<line number="86"  hits="38"  branch="false" />
			<line number="89"  hits="10"  branch="false" />
			<line number="91"  hits="1"  branch="false" />
			<line number="92"  hits="5"  branch="false" />
			<line number="93"  hits="5"  branch="false" />
			<line number="94"  hits="5"  branch="false" />
			<line number="95"  hits="48"  branch="false" />
			<line number="96"  hits="48"  branch="true"  condition-coverage="100% (2/2)" />
			<line number="97"  hits="10"  branch="false" />
			<line number="100"  hits="5"  branch="false" />
			<line number="102"  hits="1"  branch="false" />
			<line number="104"  hits="1"  branch="false" />
		</lines>
		</class>
	</classes>
	</package>
</packages>
</coverage>
