{"c:\\Github_CoralTime\\VstsExtention\\VstsExtention\\src\\countdownCalculator.js":{"path":"c:\\Github_CoralTime\\VstsExtention\\VstsExtention\\src\\countdownCalculator.js","s":{"1":1,"2":1,"3":1,"4":1,"5":15,"6":10,"7":15,"8":15,"9":15,"10":15,"11":1,"12":13,"13":13,"14":1,"15":12,"16":31,"17":12,"18":12,"19":5,"20":12,"21":12,"22":12,"23":12,"24":8,"25":4,"26":4,"27":2,"28":2,"29":2,"30":1,"31":1,"32":1,"33":1,"34":15,"35":1,"36":187,"37":159,"38":7,"39":36,"40":31,"41":30,"42":26,"43":22,"44":7,"45":28,"46":1,"47":48,"48":187,"49":187,"50":187,"51":38,"52":10,"53":1,"54":5,"55":5,"56":5,"57":48,"58":48,"59":10,"60":5,"61":1,"62":1},"b":{"1":[10,5],"2":[1,12],"3":[5,7],"4":[8,4],"5":[2,2],"6":[1,1],"7":[159,28],"8":[7,36,31,30,26,22,7],"9":[38,149],"10":[10,38]},"f":{"1":1,"2":15,"3":13,"4":31,"5":15,"6":187,"7":48,"8":5},"fnMap":{"1":{"name":"(anonymous_1)","line":18,"loc":{"start":{"line":18,"column":41},"end":{"line":18,"column":53}}},"2":{"name":"CountdownCalculator","line":19,"loc":{"start":{"line":19,"column":4},"end":{"line":19,"column":69}}},"3":{"name":"(anonymous_3)","line":26,"loc":{"start":{"line":26,"column":50},"end":{"line":26,"column":62}}},"4":{"name":"(anonymous_4)","line":31,"loc":{"start":{"line":31,"column":19},"end":{"line":31,"column":35}}},"5":{"name":"(anonymous_5)","line":62,"loc":{"start":{"line":62,"column":44},"end":{"line":62,"column":56}}},"6":{"name":"(anonymous_6)","line":65,"loc":{"start":{"line":65,"column":55},"end":{"line":65,"column":70}}},"7":{"name":"(anonymous_7)","line":81,"loc":{"start":{"line":81,"column":46},"end":{"line":81,"column":61}}},"8":{"name":"(anonymous_8)","line":91,"loc":{"start":{"line":91,"column":50},"end":{"line":91,"column":62}}}},"statementMap":{"1":{"start":{"line":16,"column":0},"end":{"line":16,"column":26}},"2":{"start":{"line":17,"column":0},"end":{"line":17,"column":51}},"3":{"start":{"line":18,"column":0},"end":{"line":103,"column":5}},"4":{"start":{"line":19,"column":4},"end":{"line":25,"column":5}},"5":{"start":{"line":20,"column":8},"end":{"line":20,"column":57}},"6":{"start":{"line":20,"column":38},"end":{"line":20,"column":55}},"7":{"start":{"line":21,"column":8},"end":{"line":21,"column":25}},"8":{"start":{"line":22,"column":8},"end":{"line":22,"column":21}},"9":{"start":{"line":23,"column":8},"end":{"line":23,"column":39}},"10":{"start":{"line":24,"column":8},"end":{"line":24,"column":39}},"11":{"start":{"line":26,"column":4},"end":{"line":61,"column":6}},"12":{"start":{"line":27,"column":8},"end":{"line":27,"column":25}},"13":{"start":{"line":28,"column":8},"end":{"line":30,"column":9}},"14":{"start":{"line":29,"column":12},"end":{"line":29,"column":106}},"15":{"start":{"line":31,"column":8},"end":{"line":33,"column":10}},"16":{"start":{"line":32,"column":12},"end":{"line":32,"column":123}},"17":{"start":{"line":34,"column":8},"end":{"line":34,"column":37}},"18":{"start":{"line":35,"column":8},"end":{"line":37,"column":9}},"19":{"start":{"line":36,"column":12},"end":{"line":36,"column":56}},"20":{"start":{"line":38,"column":8},"end":{"line":38,"column":51}},"21":{"start":{"line":39,"column":8},"end":{"line":39,"column":106}},"22":{"start":{"line":40,"column":8},"end":{"line":40,"column":59}},"23":{"start":{"line":41,"column":8},"end":{"line":60,"column":9}},"24":{"start":{"line":43,"column":12},"end":{"line":43,"column":114}},"25":{"start":{"line":46,"column":12},"end":{"line":46,"column":65}},"26":{"start":{"line":47,"column":12},"end":{"line":59,"column":13}},"27":{"start":{"line":48,"column":16},"end":{"line":48,"column":120}},"28":{"start":{"line":51,"column":16},"end":{"line":51,"column":73}},"29":{"start":{"line":52,"column":16},"end":{"line":58,"column":17}},"30":{"start":{"line":53,"column":20},"end":{"line":53,"column":128}},"31":{"start":{"line":56,"column":20},"end":{"line":56,"column":77}},"32":{"start":{"line":57,"column":20},"end":{"line":57,"column":128}},"33":{"start":{"line":62,"column":4},"end":{"line":64,"column":6}},"34":{"start":{"line":63,"column":8},"end":{"line":63,"column":43}},"35":{"start":{"line":65,"column":4},"end":{"line":80,"column":6}},"36":{"start":{"line":66,"column":8},"end":{"line":79,"column":9}},"37":{"start":{"line":67,"column":12},"end":{"line":75,"column":13}},"38":{"start":{"line":68,"column":31},"end":{"line":68,"column":40}},"39":{"start":{"line":69,"column":31},"end":{"line":69,"column":40}},"40":{"start":{"line":70,"column":32},"end":{"line":70,"column":41}},"41":{"start":{"line":71,"column":34},"end":{"line":71,"column":43}},"42":{"start":{"line":72,"column":33},"end":{"line":72,"column":42}},"43":{"start":{"line":73,"column":31},"end":{"line":73,"column":40}},"44":{"start":{"line":74,"column":33},"end":{"line":74,"column":42}},"45":{"start":{"line":78,"column":12},"end":{"line":78,"column":23}},"46":{"start":{"line":81,"column":4},"end":{"line":90,"column":6}},"47":{"start":{"line":82,"column":8},"end":{"line":88,"column":9}},"48":{"start":{"line":83,"column":12},"end":{"line":83,"column":35}},"49":{"start":{"line":84,"column":12},"end":{"line":84,"column":64}},"50":{"start":{"line":85,"column":12},"end":{"line":87,"column":13}},"51":{"start":{"line":86,"column":16},"end":{"line":86,"column":28}},"52":{"start":{"line":89,"column":8},"end":{"line":89,"column":21}},"53":{"start":{"line":91,"column":4},"end":{"line":101,"column":6}},"54":{"start":{"line":92,"column":8},"end":{"line":92,"column":51}},"55":{"start":{"line":93,"column":8},"end":{"line":93,"column":29}},"56":{"start":{"line":94,"column":8},"end":{"line":99,"column":9}},"57":{"start":{"line":95,"column":12},"end":{"line":95,"column":69}},"58":{"start":{"line":96,"column":12},"end":{"line":98,"column":13}},"59":{"start":{"line":97,"column":16},"end":{"line":97,"column":31}},"60":{"start":{"line":100,"column":8},"end":{"line":100,"column":28}},"61":{"start":{"line":102,"column":4},"end":{"line":102,"column":31}},"62":{"start":{"line":104,"column":0},"end":{"line":104,"column":50}}},"branchMap":{"1":{"line":20,"type":"if","locations":[{"start":{"line":20,"column":8},"end":{"line":20,"column":8}},{"start":{"line":20,"column":8},"end":{"line":20,"column":8}}]},"2":{"line":28,"type":"if","locations":[{"start":{"line":28,"column":8},"end":{"line":28,"column":8}},{"start":{"line":28,"column":8},"end":{"line":28,"column":8}}]},"3":{"line":35,"type":"if","locations":[{"start":{"line":35,"column":8},"end":{"line":35,"column":8}},{"start":{"line":35,"column":8},"end":{"line":35,"column":8}}]},"4":{"line":41,"type":"if","locations":[{"start":{"line":41,"column":8},"end":{"line":41,"column":8}},{"start":{"line":41,"column":8},"end":{"line":41,"column":8}}]},"5":{"line":47,"type":"if","locations":[{"start":{"line":47,"column":12},"end":{"line":47,"column":12}},{"start":{"line":47,"column":12},"end":{"line":47,"column":12}}]},"6":{"line":52,"type":"if","locations":[{"start":{"line":52,"column":16},"end":{"line":52,"column":16}},{"start":{"line":52,"column":16},"end":{"line":52,"column":16}}]},"7":{"line":66,"type":"if","locations":[{"start":{"line":66,"column":8},"end":{"line":66,"column":8}},{"start":{"line":66,"column":8},"end":{"line":66,"column":8}}]},"8":{"line":67,"type":"switch","locations":[{"start":{"line":68,"column":16},"end":{"line":68,"column":40}},{"start":{"line":69,"column":16},"end":{"line":69,"column":40}},{"start":{"line":70,"column":16},"end":{"line":70,"column":41}},{"start":{"line":71,"column":16},"end":{"line":71,"column":43}},{"start":{"line":72,"column":16},"end":{"line":72,"column":42}},{"start":{"line":73,"column":16},"end":{"line":73,"column":40}},{"start":{"line":74,"column":16},"end":{"line":74,"column":42}}]},"9":{"line":85,"type":"if","locations":[{"start":{"line":85,"column":12},"end":{"line":85,"column":12}},{"start":{"line":85,"column":12},"end":{"line":85,"column":12}}]},"10":{"line":96,"type":"if","locations":[{"start":{"line":96,"column":12},"end":{"line":96,"column":12}},{"start":{"line":96,"column":12},"end":{"line":96,"column":12}}]}}},"c:\\Github_CoralTime\\VstsExtention\\VstsExtention\\src\\CountdownResult.js":{"path":"c:\\Github_CoralTime\\VstsExtention\\VstsExtention\\src\\CountdownResult.js","s":{"1":1,"2":1,"3":1,"4":13,"5":13,"6":13,"7":1,"8":0,"9":0,"10":0,"11":1,"12":0,"13":0,"14":0,"15":1,"16":0,"17":1,"18":0,"19":0,"20":0,"21":0,"22":0,"23":1,"24":1,"25":1,"26":1,"27":1,"28":1,"29":1,"30":1,"31":1,"32":1},"b":{"1":[0,0],"2":[0,0],"3":[0,0],"4":[0,0],"5":[0,0],"6":[1,1]},"f":{"1":1,"2":13,"3":0,"4":0,"5":0,"6":0,"7":1},"fnMap":{"1":{"name":"(anonymous_1)","line":17,"loc":{"start":{"line":17,"column":37},"end":{"line":17,"column":49}}},"2":{"name":"CountdownResult","line":18,"loc":{"start":{"line":18,"column":4},"end":{"line":18,"column":55}}},"3":{"name":"(anonymous_3)","line":23,"loc":{"start":{"line":23,"column":49},"end":{"line":23,"column":61}}},"4":{"name":"(anonymous_4)","line":29,"loc":{"start":{"line":29,"column":48},"end":{"line":29,"column":60}}},"5":{"name":"(anonymous_5)","line":35,"loc":{"start":{"line":35,"column":47},"end":{"line":35,"column":59}}},"6":{"name":"(anonymous_6)","line":38,"loc":{"start":{"line":38,"column":43},"end":{"line":38,"column":70}}},"7":{"name":"(anonymous_7)","line":51,"loc":{"start":{"line":51,"column":1},"end":{"line":51,"column":17}}}},"statementMap":{"1":{"start":{"line":16,"column":0},"end":{"line":16,"column":26}},"2":{"start":{"line":17,"column":0},"end":{"line":48,"column":5}},"3":{"start":{"line":18,"column":4},"end":{"line":22,"column":5}},"4":{"start":{"line":19,"column":8},"end":{"line":19,"column":27}},"5":{"start":{"line":20,"column":8},"end":{"line":20,"column":25}},"6":{"start":{"line":21,"column":8},"end":{"line":21,"column":39}},"7":{"start":{"line":23,"column":4},"end":{"line":28,"column":6}},"8":{"start":{"line":24,"column":8},"end":{"line":26,"column":9}},"9":{"start":{"line":25,"column":12},"end":{"line":25,"column":26}},"10":{"start":{"line":27,"column":8},"end":{"line":27,"column":22}},"11":{"start":{"line":29,"column":4},"end":{"line":34,"column":6}},"12":{"start":{"line":30,"column":8},"end":{"line":32,"column":9}},"13":{"start":{"line":31,"column":12},"end":{"line":31,"column":41}},"14":{"start":{"line":33,"column":8},"end":{"line":33,"column":37}},"15":{"start":{"line":35,"column":4},"end":{"line":37,"column":6}},"16":{"start":{"line":36,"column":8},"end":{"line":36,"column":45}},"17":{"start":{"line":38,"column":4},"end":{"line":46,"column":6}},"18":{"start":{"line":39,"column":8},"end":{"line":41,"column":9}},"19":{"start":{"line":40,"column":12},"end":{"line":40,"column":24}},"20":{"start":{"line":42,"column":8},"end":{"line":44,"column":9}},"21":{"start":{"line":43,"column":12},"end":{"line":43,"column":42}},"22":{"start":{"line":45,"column":8},"end":{"line":45,"column":21}},"23":{"start":{"line":47,"column":4},"end":{"line":47,"column":27}},"24":{"start":{"line":49,"column":0},"end":{"line":49,"column":42}},"25":{"start":{"line":50,"column":0},"end":{"line":50,"column":9}},"26":{"start":{"line":51,"column":0},"end":{"line":58,"column":47}},"27":{"start":{"line":52,"column":4},"end":{"line":52,"column":42}},"28":{"start":{"line":53,"column":4},"end":{"line":53,"column":42}},"29":{"start":{"line":54,"column":4},"end":{"line":54,"column":42}},"30":{"start":{"line":55,"column":4},"end":{"line":55,"column":38}},"31":{"start":{"line":56,"column":4},"end":{"line":56,"column":36}},"32":{"start":{"line":57,"column":4},"end":{"line":57,"column":38}}},"branchMap":{"1":{"line":24,"type":"if","locations":[{"start":{"line":24,"column":8},"end":{"line":24,"column":8}},{"start":{"line":24,"column":8},"end":{"line":24,"column":8}}]},"2":{"line":30,"type":"if","locations":[{"start":{"line":30,"column":8},"end":{"line":30,"column":8}},{"start":{"line":30,"column":8},"end":{"line":30,"column":8}}]},"3":{"line":30,"type":"binary-expr","locations":[{"start":{"line":30,"column":12},"end":{"line":30,"column":29}},{"start":{"line":30,"column":33},"end":{"line":30,"column":56}}]},"4":{"line":39,"type":"if","locations":[{"start":{"line":39,"column":8},"end":{"line":39,"column":8}},{"start":{"line":39,"column":8},"end":{"line":39,"column":8}}]},"5":{"line":42,"type":"if","locations":[{"start":{"line":42,"column":8},"end":{"line":42,"column":8}},{"start":{"line":42,"column":8},"end":{"line":42,"column":8}}]},"6":{"line":58,"type":"binary-expr","locations":[{"start":{"line":58,"column":10},"end":{"line":58,"column":22}},{"start":{"line":58,"column":27},"end":{"line":58,"column":44}}]}}}}